<?xml version="1.0" encoding="UTF-8"?>
<!-- Generated by org.testng.reporters.JUnitReportReporter -->
<testsuite skipped="0" hostname="DESKTOP-56SS79V" name="Trendyol_App_Test.basics" tests="1" failures="0" timestamp="2021-04-14T17:21:17 EET" time="18.379" errors="0">
  <testcase name="BasariliGiris" time="18.379" classname="Trendyol_App_Test.basics"/>
  <system-out/>
</testsuite> <!-- Trendyol_App_Test.basics -->
