<?xml version="1.0" encoding="UTF-8"?>
<!-- Generated by org.testng.reporters.JUnitReportReporter -->
<testsuite skipped="0" hostname="DESKTOP-56SS79V" name="Trendyol_App_Test.YanlisSifre" tests="1" failures="0" timestamp="2021-04-16T11:23:12 EET" time="27.330" errors="0">
  <testcase name="yanlisSifre" time="27.330" classname="Trendyol_App_Test.YanlisSifre"/>
  <system-out/>
</testsuite> <!-- Trendyol_App_Test.YanlisSifre -->
