<?xml version="1.0" encoding="UTF-8"?>
<!-- Generated by org.testng.reporters.JUnitReportReporter -->
<testsuite skipped="0" hostname="DESKTOP-56SS79V" name="Trendyol_App_Test.SepetToplamUcret" tests="1" failures="0" timestamp="2021-04-16T11:27:19 EET" time="37.052" errors="0">
  <testcase name="sepetToplamUcret" time="37.052" classname="Trendyol_App_Test.SepetToplamUcret"/>
  <system-out/>
</testsuite> <!-- Trendyol_App_Test.SepetToplamUcret -->
